<?xml version="1.0" encoding="UTF-8"?>
<!-- Generated by org.testng.reporters.JUnitReportReporter -->
<testsuite hostname="Bidyashrees-MacBook-Pro.local" failures="0" tests="1" name="test.HomePageMutiRun" time="12.055" errors="0" timestamp="2022-11-19T21:38:39 IST" skipped="0">
  <testcase classname="test.HomePageMutiRun" name="checkHomePageLogoExists" time="12.055"/>
</testsuite> <!-- test.HomePageMutiRun -->
